---------------------------------------------------------------
[ 2017-11-06T17:38:25+08:00 ] ::1 ::1 GET /fastadmin/public/index.php/admin/index/login
[ info ] localhost/fastadmin/public/index.php/admin/index/login [运行时间：0.164410s][吞吐率：6.08req/s] [内存消耗：4,861.91kb] [文件加载：72]
[ info ] [ BEHAVIOR ] Run Closure @app_init [ RunTime:0.000068s ]
[ info ] [ CACHE ] INIT File
[ info ] [ BEHAVIOR ] Run Closure @app_init [ RunTime:0.018320s ]
[ info ] [ LANG ] D:\web\wamp64\www\fastadmin\thinkphp\lang\zh-cn.php
[ info ] [ ROUTE ] array (
  'type' => 'module',
  'module' => 
  array (
    0 => 'admin',
    1 => 'index',
    2 => 'login',
  ),
)
[ info ] [ HEADER ] array (
  'host' => 'localhost',
  'connection' => 'keep-alive',
  'upgrade-insecure-requests' => '1',
  'user-agent' => 'Mozilla/5.0 (Windows NT 10.0; WOW64) AppleWebKit/537.36 (KHTML, like Gecko) Chrome/58.0.3026.3 Safari/537.36',
  'accept' => 'text/html,application/xhtml+xml,application/xml;q=0.9,image/webp,*/*;q=0.8',
  'referer' => 'http://localhost/fastadmin/public/install.php',
  'accept-encoding' => 'gzip, deflate, sdch, br',
  'accept-language' => 'zh-CN,zh;q=0.8',
)
[ info ] [ PARAM ] array (
)
[ info ] [ LANG ] D:\web\wamp64\www\fastadmin\public/../application/admin\lang\zh-cn.php
[ info ] [ BEHAVIOR ] Run app\common\behavior\Common @module_init [ RunTime:0.001460s ]
[ info ] [ SESSION ] INIT array (
  'id' => '',
  'var_session_id' => '',
  'prefix' => 'think',
  'type' => '',
  'auto_start' => true,
)
[ info ] [ LANG ] D:\web\wamp64\www\fastadmin\public/../application/admin/lang/zh-cn/index.php
[ info ] [ RUN ] app\admin\controller\Index->login[ D:\web\wamp64\www\fastadmin\application\admin\controller\Index.php ]
[ info ] [ VIEW ] D:\web\wamp64\www\fastadmin\public/../application/admin\view\index\login.html [ array (
  0 => 'breadcrumb',
  1 => 'site',
  2 => 'config',
  3 => 'auth',
  4 => 'admin',
  5 => 'background',
) ]
[ info ] [ BEHAVIOR ] Run app\admin\behavior\AdminLog @app_end [ RunTime:0.000869s ]
[ info ] [ LOG ] INIT File
---------------------------------------------------------------
[ 2017-11-06T17:38:26+08:00 ] ::1 ::1 GET /fastadmin/public/assets/libs/bootstrap/dist/js/bootstrap.min.js?v=1509961105
[ info ] localhost/fastadmin/public/assets/libs/bootstrap/dist/js/bootstrap.min.js?v=1509961105 [运行时间：0.037991s][吞吐率：26.32req/s] [内存消耗：3,007.47kb] [文件加载：51]
[ info ] [ BEHAVIOR ] Run Closure @app_init [ RunTime:0.000066s ]
[ info ] [ CACHE ] INIT File
[ info ] [ BEHAVIOR ] Run Closure @app_init [ RunTime:0.003451s ]
[ info ] [ LANG ] D:\web\wamp64\www\fastadmin\thinkphp\lang\zh-cn.php
[ info ] [ ROUTE ] array (
  'type' => 'module',
  'module' => 
  array (
    0 => 'assets',
    1 => 'libs',
    2 => 'bootstrap',
  ),
)
[ info ] [ HEADER ] array (
  'host' => 'localhost',
  'connection' => 'keep-alive',
  'user-agent' => 'Mozilla/5.0 (Windows NT 10.0; WOW64) AppleWebKit/537.36 (KHTML, like Gecko) Chrome/58.0.3026.3 Safari/537.36',
  'accept' => '*/*',
  'referer' => 'http://localhost/fastadmin/public/index.php/admin/index/login',
  'accept-encoding' => 'gzip, deflate, sdch, br',
  'accept-language' => 'zh-CN,zh;q=0.8',
  'cookie' => 'PHPSESSID=0o56i00ki0s7gvimt6cmi570f7',
)
[ info ] [ PARAM ] array (
  'v' => '1509961105',
  'dist' => 'js',
)
[ info ] [ LOG ] INIT File
---------------------------------------------------------------
[ 2017-11-06T17:38:39+08:00 ] ::1 ::1 POST /fastadmin/public/index.php/admin/index/login
[ info ] localhost/fastadmin/public/index.php/admin/index/login [运行时间：0.118017s][吞吐率：8.47req/s] [内存消耗：6,351.13kb] [文件加载：82]
[ info ] [ BEHAVIOR ] Run Closure @app_init [ RunTime:0.000121s ]
[ info ] [ CACHE ] INIT File
[ info ] [ BEHAVIOR ] Run Closure @app_init [ RunTime:0.003306s ]
[ info ] [ LANG ] D:\web\wamp64\www\fastadmin\thinkphp\lang\zh-cn.php
[ info ] [ ROUTE ] array (
  'type' => 'module',
  'module' => 
  array (
    0 => 'admin',
    1 => 'index',
    2 => 'login',
  ),
)
[ info ] [ HEADER ] array (
  'host' => 'localhost',
  'connection' => 'keep-alive',
  'content-length' => '85',
  'cache-control' => 'max-age=0',
  'origin' => 'http://localhost',
  'upgrade-insecure-requests' => '1',
  'user-agent' => 'Mozilla/5.0 (Windows NT 10.0; WOW64) AppleWebKit/537.36 (KHTML, like Gecko) Chrome/58.0.3026.3 Safari/537.36',
  'content-type' => 'application/x-www-form-urlencoded',
  'accept' => 'text/html,application/xhtml+xml,application/xml;q=0.9,image/webp,*/*;q=0.8',
  'referer' => 'http://localhost/fastadmin/public/index.php/admin/index/login',
  'accept-encoding' => 'gzip, deflate, br',
  'accept-language' => 'zh-CN,zh;q=0.8',
  'cookie' => 'PHPSESSID=0o56i00ki0s7gvimt6cmi570f7',
)
[ info ] [ PARAM ] array (
  '__token__' => 'bebfe56def9c27a240e28bd6261141e3',
  'username' => 'admin',
  'password' => '123456',
  'keeplogin' => '1',
)
[ info ] [ LANG ] D:\web\wamp64\www\fastadmin\public/../application/admin\lang\zh-cn.php
[ info ] [ BEHAVIOR ] Run app\common\behavior\Common @module_init [ RunTime:0.001086s ]
[ info ] [ SESSION ] INIT array (
  'id' => '',
  'var_session_id' => '',
  'prefix' => 'think',
  'type' => '',
  'auto_start' => true,
)
[ info ] [ LANG ] D:\web\wamp64\www\fastadmin\public/../application/admin/lang/zh-cn/index.php
[ info ] [ RUN ] app\admin\controller\Index->login[ D:\web\wamp64\www\fastadmin\application\admin\controller\Index.php ]
[ info ] [ DB ] INIT mysql
[ info ] [ VIEW ] D:\web\wamp64\www\fastadmin\public/../application/common\view\tpl\dispatch_jump.tpl [ array (
  0 => 'breadcrumb',
  1 => 'site',
  2 => 'config',
  3 => 'auth',
  4 => 'admin',
  5 => 'code',
  6 => 'msg',
  7 => 'data',
  8 => 'url',
  9 => 'wait',
) ]
[ info ] [ BEHAVIOR ] Run app\admin\behavior\AdminLog @app_end [ RunTime:0.014163s ]
[ info ] [ LOG ] INIT File
[ sql ] [ DB ] CONNECT:[ UseTime:0.001081s ] mysql:dbname=fastadmin;host=localhost;charset=utf8
[ sql ] [ SQL ] SHOW COLUMNS FROM `fa_admin` [ RunTime:0.003129s ]
[ sql ] [ SQL ] SELECT * FROM `fa_admin` WHERE  `username` = 'admin' LIMIT 1 [ RunTime:0.000930s ]
[ sql ] [ SQL ] UPDATE `fa_admin`  SET `logintime`=1509961119,`token`='e1944698-3a4b-4f20-a566-964f530a7e9b',`updatetime`=1509961119  WHERE  `id` = 1 [ RunTime:0.021756s ]
[ sql ] [ SQL ] SHOW COLUMNS FROM `fa_admin_log` [ RunTime:0.002653s ]
[ sql ] [ SQL ] INSERT INTO `fa_admin_log` (`title` , `content` , `url` , `admin_id` , `username` , `useragent` , `ip` , `createtime`) VALUES ('登录' , '{\"__token__\":\"bebfe56def9c27a240e28bd6261141e3\",\"username\":\"admin\",\"keeplogin\":\"1\"}' , '/fastadmin/public/index.php/admin/index/login' , 1 , 'admin' , 'Mozilla/5.0 (Windows NT 10.0; WOW64) AppleWebKit/537.36 (KHTML, like Gecko) Chrome/58.0.3026.3 Safari/537.36' , '0.0.0.0' , 1509961119) [ RunTime:0.008732s ]
---------------------------------------------------------------
[ 2017-11-06T17:38:43+08:00 ] ::1 ::1 GET /fastadmin/public/index.php/admin/index/index
[ info ] localhost/fastadmin/public/index.php/admin/index/index [运行时间：0.381277s][吞吐率：2.62req/s] [内存消耗：6,727.51kb] [文件加载：91]
[ info ] [ BEHAVIOR ] Run Closure @app_init [ RunTime:0.000070s ]
[ info ] [ CACHE ] INIT File
[ info ] [ BEHAVIOR ] Run Closure @app_init [ RunTime:0.003687s ]
[ info ] [ LANG ] D:\web\wamp64\www\fastadmin\thinkphp\lang\zh-cn.php
[ info ] [ ROUTE ] array (
  'type' => 'module',
  'module' => 
  array (
    0 => 'admin',
    1 => 'index',
    2 => 'index',
  ),
)
[ info ] [ HEADER ] array (
  'host' => 'localhost',
  'connection' => 'keep-alive',
  'upgrade-insecure-requests' => '1',
  'user-agent' => 'Mozilla/5.0 (Windows NT 10.0; WOW64) AppleWebKit/537.36 (KHTML, like Gecko) Chrome/58.0.3026.3 Safari/537.36',
  'accept' => 'text/html,application/xhtml+xml,application/xml;q=0.9,image/webp,*/*;q=0.8',
  'referer' => 'http://localhost/fastadmin/public/index.php/admin/index/login',
  'accept-encoding' => 'gzip, deflate, sdch, br',
  'accept-language' => 'zh-CN,zh;q=0.8',
  'cookie' => 'PHPSESSID=0o56i00ki0s7gvimt6cmi570f7; keeplogin=1%7C86400%7C1510047519%7C26433397b91b8b6e707a173d142aa388',
)
[ info ] [ PARAM ] array (
)
[ info ] [ LANG ] D:\web\wamp64\www\fastadmin\public/../application/admin\lang\zh-cn.php
[ info ] [ BEHAVIOR ] Run app\common\behavior\Common @module_init [ RunTime:0.001196s ]
[ info ] [ SESSION ] INIT array (
  'id' => '',
  'var_session_id' => '',
  'prefix' => 'think',
  'type' => '',
  'auto_start' => true,
)
[ info ] [ LANG ] D:\web\wamp64\www\fastadmin\public/../application/admin/lang/zh-cn/index.php
[ info ] [ RUN ] app\admin\controller\Index->index[ D:\web\wamp64\www\fastadmin\application\admin\controller\Index.php ]
[ info ] [ DB ] INIT mysql
[ info ] [ VIEW ] D:\web\wamp64\www\fastadmin\public/../application/admin\view\index\index.html [ array (
  0 => 'breadcrumb',
  1 => 'site',
  2 => 'config',
  3 => 'auth',
  4 => 'admin',
  5 => 'menulist',
  6 => 'title',
) ]
[ info ] [ BEHAVIOR ] Run app\admin\behavior\AdminLog @app_end [ RunTime:0.001119s ]
[ info ] [ LOG ] INIT File
[ sql ] [ DB ] CONNECT:[ UseTime:0.001212s ] mysql:dbname=fastadmin;host=localhost;charset=utf8
[ sql ] [ SQL ] SHOW COLUMNS FROM `fa_auth_group_access` [ RunTime:0.002524s ]
[ sql ] [ SQL ] SELECT `AuthGroupAccess`.`uid`,`AuthGroupAccess`.`group_id`,`AuthGroup`.`id`,`AuthGroup`.`pid`,`AuthGroup`.`name`,`AuthGroup`.`rules` FROM `fa_auth_group_access` `AuthGroupAccess` LEFT JOIN `fa_auth_group` `AuthGroup` ON `AuthGroupAccess`.`group_id`=`AuthGroup`.`id` WHERE  (  AuthGroupAccess.uid='1' and AuthGroup.status='normal' ) [ RunTime:0.002356s ]
[ sql ] [ SQL ] SHOW COLUMNS FROM `fa_auth_rule` [ RunTime:0.002459s ]
[ sql ] [ SQL ] SELECT `id`,`pid`,`condition`,`icon`,`name`,`title`,`ismenu` FROM `fa_auth_rule` WHERE  `status` = 'normal' [ RunTime:0.000542s ]
[ sql ] [ SQL ] SELECT * FROM `fa_auth_rule` WHERE  `ismenu` = 1 ORDER BY `weigh`  desc [ RunTime:0.000469s ]
---------------------------------------------------------------
[ 2017-11-06T17:38:43+08:00 ] ::1 ::1 GET /fastadmin/public/assets/libs/bootstrap/dist/js/bootstrap.min.js?v=1509961122
[ info ] localhost/fastadmin/public/assets/libs/bootstrap/dist/js/bootstrap.min.js?v=1509961122 [运行时间：0.045184s][吞吐率：22.13req/s] [内存消耗：3,007.13kb] [文件加载：51]
[ info ] [ BEHAVIOR ] Run Closure @app_init [ RunTime:0.000081s ]
[ info ] [ CACHE ] INIT File
[ info ] [ BEHAVIOR ] Run Closure @app_init [ RunTime:0.004761s ]
[ info ] [ LANG ] D:\web\wamp64\www\fastadmin\thinkphp\lang\zh-cn.php
[ info ] [ ROUTE ] array (
  'type' => 'module',
  'module' => 
  array (
    0 => 'assets',
    1 => 'libs',
    2 => 'bootstrap',
  ),
)
[ info ] [ HEADER ] array (
  'host' => 'localhost',
  'connection' => 'keep-alive',
  'user-agent' => 'Mozilla/5.0 (Windows NT 10.0; WOW64) AppleWebKit/537.36 (KHTML, like Gecko) Chrome/58.0.3026.3 Safari/537.36',
  'accept' => '*/*',
  'referer' => 'http://localhost/fastadmin/public/index.php/admin/index/index',
  'accept-encoding' => 'gzip, deflate, sdch, br',
  'accept-language' => 'zh-CN,zh;q=0.8',
  'cookie' => 'PHPSESSID=0o56i00ki0s7gvimt6cmi570f7; keeplogin=1%7C86400%7C1510047519%7C26433397b91b8b6e707a173d142aa388',
)
[ info ] [ PARAM ] array (
  'v' => '1509961122',
  'dist' => 'js',
)
[ info ] [ LOG ] INIT File
---------------------------------------------------------------
[ 2017-11-06T17:38:54+08:00 ] ::1 ::1 GET /fastadmin/public/index.php/admin/dashboard
[ info ] localhost/fastadmin/public/index.php/admin/dashboard [运行时间：0.085438s][吞吐率：11.70req/s] [内存消耗：6,514.82kb] [文件加载：80]
[ info ] [ BEHAVIOR ] Run Closure @app_init [ RunTime:0.000058s ]
[ info ] [ CACHE ] INIT File
[ info ] [ BEHAVIOR ] Run Closure @app_init [ RunTime:0.003271s ]
[ info ] [ LANG ] D:\web\wamp64\www\fastadmin\thinkphp\lang\zh-cn.php
[ info ] [ ROUTE ] array (
  'type' => 'module',
  'module' => 
  array (
    0 => 'admin',
    1 => 'dashboard',
    2 => NULL,
  ),
)
[ info ] [ HEADER ] array (
  'host' => 'localhost',
  'connection' => 'keep-alive',
  'upgrade-insecure-requests' => '1',
  'user-agent' => 'Mozilla/5.0 (Windows NT 10.0; WOW64) AppleWebKit/537.36 (KHTML, like Gecko) Chrome/58.0.3026.3 Safari/537.36',
  'accept' => 'text/html,application/xhtml+xml,application/xml;q=0.9,image/webp,*/*;q=0.8',
  'referer' => 'http://localhost/fastadmin/public/index.php/admin/index/index',
  'accept-encoding' => 'gzip, deflate, sdch, br',
  'accept-language' => 'zh-CN,zh;q=0.8',
  'cookie' => 'PHPSESSID=0o56i00ki0s7gvimt6cmi570f7; keeplogin=1%7C86400%7C1510047519%7C26433397b91b8b6e707a173d142aa388',
)
[ info ] [ PARAM ] array (
)
[ info ] [ LANG ] D:\web\wamp64\www\fastadmin\public/../application/admin\lang\zh-cn.php
[ info ] [ BEHAVIOR ] Run app\common\behavior\Common @module_init [ RunTime:0.001279s ]
[ info ] [ SESSION ] INIT array (
  'id' => '',
  'var_session_id' => '',
  'prefix' => 'think',
  'type' => '',
  'auto_start' => true,
)
[ info ] [ DB ] INIT mysql
[ info ] [ LANG ] D:\web\wamp64\www\fastadmin\public/../application/admin/lang/zh-cn/dashboard.php
[ info ] [ RUN ] app\admin\controller\Dashboard->index[ D:\web\wamp64\www\fastadmin\application\admin\controller\Dashboard.php ]
[ info ] [ VIEW ] D:\web\wamp64\www\fastadmin\public/../application/admin\view\dashboard\index.html [ array (
  0 => 'breadcrumb',
  1 => 'site',
  2 => 'config',
  3 => 'auth',
  4 => 'admin',
  5 => 'totaluser',
  6 => 'totalviews',
  7 => 'totalorder',
  8 => 'totalorderamount',
  9 => 'todayuserlogin',
  10 => 'todayusersignup',
  11 => 'todayorder',
  12 => 'unsettleorder',
  13 => 'sevendnu',
  14 => 'sevendau',
  15 => 'paylist',
  16 => 'createlist',
  17 => 'uploadmode',
) ]
[ info ] [ BEHAVIOR ] Run app\admin\behavior\AdminLog @app_end [ RunTime:0.000766s ]
[ info ] [ LOG ] INIT File
[ sql ] [ DB ] CONNECT:[ UseTime:0.001423s ] mysql:dbname=fastadmin;host=localhost;charset=utf8
[ sql ] [ SQL ] SHOW COLUMNS FROM `fa_auth_group_access` [ RunTime:0.002224s ]
[ sql ] [ SQL ] SELECT `AuthGroupAccess`.`uid`,`AuthGroupAccess`.`group_id`,`AuthGroup`.`id`,`AuthGroup`.`pid`,`AuthGroup`.`name`,`AuthGroup`.`rules` FROM `fa_auth_group_access` `AuthGroupAccess` LEFT JOIN `fa_auth_group` `AuthGroup` ON `AuthGroupAccess`.`group_id`=`AuthGroup`.`id` WHERE  (  AuthGroupAccess.uid='1' and AuthGroup.status='normal' ) [ RunTime:0.001865s ]
[ sql ] [ SQL ] SHOW COLUMNS FROM `fa_auth_rule` [ RunTime:0.002483s ]
[ sql ] [ SQL ] SELECT `id`,`pid`,`condition`,`icon`,`name`,`title`,`ismenu` FROM `fa_auth_rule` WHERE  `status` = 'normal' [ RunTime:0.000420s ]
[ sql ] [ SQL ] SELECT `title`,`remark` FROM `fa_auth_rule` WHERE  `name` = 'dashboard' LIMIT 1 [ RunTime:0.000314s ]
---------------------------------------------------------------
[ 2017-11-06T17:38:54+08:00 ] ::1 ::1 GET /fastadmin/public/assets/libs/bootstrap/dist/js/bootstrap.min.js?v=1509961134
[ info ] localhost/fastadmin/public/assets/libs/bootstrap/dist/js/bootstrap.min.js?v=1509961134 [运行时间：0.032462s][吞吐率：30.81req/s] [内存消耗：3,007.20kb] [文件加载：51]
[ info ] [ BEHAVIOR ] Run Closure @app_init [ RunTime:0.000057s ]
[ info ] [ CACHE ] INIT File
[ info ] [ BEHAVIOR ] Run Closure @app_init [ RunTime:0.003345s ]
[ info ] [ LANG ] D:\web\wamp64\www\fastadmin\thinkphp\lang\zh-cn.php
[ info ] [ ROUTE ] array (
  'type' => 'module',
  'module' => 
  array (
    0 => 'assets',
    1 => 'libs',
    2 => 'bootstrap',
  ),
)
[ info ] [ HEADER ] array (
  'host' => 'localhost',
  'connection' => 'keep-alive',
  'user-agent' => 'Mozilla/5.0 (Windows NT 10.0; WOW64) AppleWebKit/537.36 (KHTML, like Gecko) Chrome/58.0.3026.3 Safari/537.36',
  'accept' => '*/*',
  'referer' => 'http://localhost/fastadmin/public/index.php/admin/dashboard',
  'accept-encoding' => 'gzip, deflate, sdch, br',
  'accept-language' => 'zh-CN,zh;q=0.8',
  'cookie' => 'PHPSESSID=0o56i00ki0s7gvimt6cmi570f7; keeplogin=1%7C86400%7C1510047519%7C26433397b91b8b6e707a173d142aa388',
)
[ info ] [ PARAM ] array (
  'v' => '1509961134',
  'dist' => 'js',
)
[ info ] [ LOG ] INIT File
---------------------------------------------------------------
[ 2017-11-06T17:50:07+08:00 ] 127.0.0.1 127.0.0.1 GET /
[ info ] srx.com/ [运行时间：0.151375s][吞吐率：6.61req/s] [内存消耗：4,355.74kb] [文件加载：64]
[ info ] [ BEHAVIOR ] Run Closure @app_init [ RunTime:0.000110s ]
[ info ] [ CACHE ] INIT File
[ info ] [ BEHAVIOR ] Run Closure @app_init [ RunTime:0.012938s ]
[ info ] [ LANG ] D:\web\wamp64\www\fastadmin\thinkphp\lang\zh-cn.php
[ info ] [ ROUTE ] array (
  'type' => 'module',
  'module' => 
  array (
    0 => '',
    1 => NULL,
    2 => NULL,
  ),
)
[ info ] [ HEADER ] array (
  'host' => 'srx.com',
  'connection' => 'keep-alive',
  'cache-control' => 'max-age=0',
  'upgrade-insecure-requests' => '1',
  'user-agent' => 'Mozilla/5.0 (Windows NT 10.0; WOW64) AppleWebKit/537.36 (KHTML, like Gecko) Chrome/58.0.3026.3 Safari/537.36',
  'accept' => 'text/html,application/xhtml+xml,application/xml;q=0.9,image/webp,*/*;q=0.8',
  'accept-encoding' => 'gzip, deflate, sdch',
  'accept-language' => 'zh-CN,zh;q=0.8',
)
[ info ] [ PARAM ] array (
)
[ info ] [ LANG ] D:\web\wamp64\www\fastadmin\public/../application/index\lang\zh-cn.php
[ info ] [ BEHAVIOR ] Run app\common\behavior\Common @module_init [ RunTime:0.001242s ]
[ info ] [ LANG ] D:\web\wamp64\www\fastadmin\public/../application/index/lang/zh-cn/index.php
[ info ] [ RUN ] app\index\controller\Index->index[ D:\web\wamp64\www\fastadmin\application\index\controller\Index.php ]
[ info ] [ VIEW ] D:\web\wamp64\www\fastadmin\public/../application/index\view\index\index.html [ array (
  0 => 'site',
  1 => 'config',
) ]
[ info ] [ LOG ] INIT File
---------------------------------------------------------------
[ 2017-11-06T17:50:10+08:00 ] 127.0.0.1 127.0.0.1 GET /favicon.ico
[ info ] srx.com/favicon.ico [运行时间：0.038121s][吞吐率：26.23req/s] [内存消耗：3,006.95kb] [文件加载：51]
[ info ] [ BEHAVIOR ] Run Closure @app_init [ RunTime:0.000096s ]
[ info ] [ CACHE ] INIT File
[ info ] [ BEHAVIOR ] Run Closure @app_init [ RunTime:0.003063s ]
[ info ] [ LANG ] D:\web\wamp64\www\fastadmin\thinkphp\lang\zh-cn.php
[ info ] [ ROUTE ] array (
  'type' => 'module',
  'module' => 
  array (
    0 => 'favicon.ico',
    1 => NULL,
    2 => NULL,
  ),
)
[ info ] [ HEADER ] array (
  'host' => 'srx.com',
  'connection' => 'keep-alive',
  'pragma' => 'no-cache',
  'cache-control' => 'no-cache',
  'user-agent' => 'Mozilla/5.0 (Windows NT 10.0; WOW64) AppleWebKit/537.36 (KHTML, like Gecko) Chrome/58.0.3026.3 Safari/537.36',
  'accept' => 'image/webp,image/*,*/*;q=0.8',
  'referer' => 'http://srx.com/',
  'accept-encoding' => 'gzip, deflate, sdch',
  'accept-language' => 'zh-CN,zh;q=0.8',
  'cookie' => 'Hm_lvt_f8d0a8c400404989e195270b0bbf060a=1509961808; Hm_lpvt_f8d0a8c400404989e195270b0bbf060a=1509961808',
)
[ info ] [ PARAM ] array (
)
[ info ] [ LOG ] INIT File
---------------------------------------------------------------
[ 2017-11-06T17:50:17+08:00 ] 127.0.0.1 127.0.0.1 GET /admin/index/login.html
[ info ] srx.com/admin/index/login.html [运行时间：0.073967s][吞吐率：13.52req/s] [内存消耗：4,610.69kb] [文件加载：70]
[ info ] [ BEHAVIOR ] Run Closure @app_init [ RunTime:0.000069s ]
[ info ] [ CACHE ] INIT File
[ info ] [ BEHAVIOR ] Run Closure @app_init [ RunTime:0.002161s ]
[ info ] [ LANG ] D:\web\wamp64\www\fastadmin\thinkphp\lang\zh-cn.php
[ info ] [ ROUTE ] array (
  'type' => 'module',
  'module' => 
  array (
    0 => 'admin',
    1 => 'index',
    2 => 'login',
  ),
)
[ info ] [ HEADER ] array (
  'host' => 'srx.com',
  'connection' => 'keep-alive',
  'upgrade-insecure-requests' => '1',
  'user-agent' => 'Mozilla/5.0 (Windows NT 10.0; WOW64) AppleWebKit/537.36 (KHTML, like Gecko) Chrome/58.0.3026.3 Safari/537.36',
  'accept' => 'text/html,application/xhtml+xml,application/xml;q=0.9,image/webp,*/*;q=0.8',
  'referer' => 'http://srx.com/',
  'accept-encoding' => 'gzip, deflate, sdch',
  'accept-language' => 'zh-CN,zh;q=0.8',
  'cookie' => 'Hm_lvt_f8d0a8c400404989e195270b0bbf060a=1509961808; Hm_lpvt_f8d0a8c400404989e195270b0bbf060a=1509961808',
)
[ info ] [ PARAM ] array (
)
[ info ] [ LANG ] D:\web\wamp64\www\fastadmin\public/../application/admin\lang\zh-cn.php
[ info ] [ BEHAVIOR ] Run app\common\behavior\Common @module_init [ RunTime:0.004104s ]
[ info ] [ SESSION ] INIT array (
  'id' => '',
  'var_session_id' => '',
  'prefix' => 'think',
  'type' => '',
  'auto_start' => true,
)
[ info ] [ LANG ] D:\web\wamp64\www\fastadmin\public/../application/admin/lang/zh-cn/index.php
[ info ] [ RUN ] app\admin\controller\Index->login[ D:\web\wamp64\www\fastadmin\application\admin\controller\Index.php ]
[ info ] [ VIEW ] D:\web\wamp64\www\fastadmin\public/../application/admin\view\index\login.html [ array (
  0 => 'breadcrumb',
  1 => 'site',
  2 => 'config',
  3 => 'auth',
  4 => 'admin',
  5 => 'background',
) ]
[ info ] [ BEHAVIOR ] Run app\admin\behavior\AdminLog @app_end [ RunTime:0.001665s ]
[ info ] [ LOG ] INIT File
---------------------------------------------------------------
[ 2017-11-06T17:50:18+08:00 ] 127.0.0.1 127.0.0.1 GET /assets/libs/bootstrap/dist/js/bootstrap.min.js?v=1509961817
[ info ] srx.com/assets/libs/bootstrap/dist/js/bootstrap.min.js?v=1509961817 [运行时间：0.036007s][吞吐率：27.77req/s] [内存消耗：3,007.09kb] [文件加载：51]
[ info ] [ BEHAVIOR ] Run Closure @app_init [ RunTime:0.000068s ]
[ info ] [ CACHE ] INIT File
[ info ] [ BEHAVIOR ] Run Closure @app_init [ RunTime:0.001757s ]
[ info ] [ LANG ] D:\web\wamp64\www\fastadmin\thinkphp\lang\zh-cn.php
[ info ] [ ROUTE ] array (
  'type' => 'module',
  'module' => 
  array (
    0 => 'assets',
    1 => 'libs',
    2 => 'bootstrap',
  ),
)
[ info ] [ HEADER ] array (
  'host' => 'srx.com',
  'connection' => 'keep-alive',
  'user-agent' => 'Mozilla/5.0 (Windows NT 10.0; WOW64) AppleWebKit/537.36 (KHTML, like Gecko) Chrome/58.0.3026.3 Safari/537.36',
  'accept' => '*/*',
  'referer' => 'http://srx.com/admin/index/login.html',
  'accept-encoding' => 'gzip, deflate, sdch',
  'accept-language' => 'zh-CN,zh;q=0.8',
  'cookie' => 'Hm_lvt_f8d0a8c400404989e195270b0bbf060a=1509961808; Hm_lpvt_f8d0a8c400404989e195270b0bbf060a=1509961808; PHPSESSID=ibltm0tpvlggej4i96tg3iujj3',
)
[ info ] [ PARAM ] array (
  'v' => '1509961817',
  'dist' => 'js',
)
[ info ] [ LOG ] INIT File
---------------------------------------------------------------
[ 2017-11-06T17:50:26+08:00 ] 127.0.0.1 127.0.0.1 POST /admin/index/login.html
[ info ] srx.com/admin/index/login.html [运行时间：0.096256s][吞吐率：10.39req/s] [内存消耗：6,054.95kb] [文件加载：80]
[ info ] [ BEHAVIOR ] Run Closure @app_init [ RunTime:0.000063s ]
[ info ] [ CACHE ] INIT File
[ info ] [ BEHAVIOR ] Run Closure @app_init [ RunTime:0.001636s ]
[ info ] [ LANG ] D:\web\wamp64\www\fastadmin\thinkphp\lang\zh-cn.php
[ info ] [ ROUTE ] array (
  'type' => 'module',
  'module' => 
  array (
    0 => 'admin',
    1 => 'index',
    2 => 'login',
  ),
)
[ info ] [ HEADER ] array (
  'host' => 'srx.com',
  'connection' => 'keep-alive',
  'content-length' => '73',
  'cache-control' => 'max-age=0',
  'origin' => 'http://srx.com',
  'upgrade-insecure-requests' => '1',
  'user-agent' => 'Mozilla/5.0 (Windows NT 10.0; WOW64) AppleWebKit/537.36 (KHTML, like Gecko) Chrome/58.0.3026.3 Safari/537.36',
  'content-type' => 'application/x-www-form-urlencoded',
  'accept' => 'text/html,application/xhtml+xml,application/xml;q=0.9,image/webp,*/*;q=0.8',
  'referer' => 'http://srx.com/admin/index/login.html',
  'accept-encoding' => 'gzip, deflate',
  'accept-language' => 'zh-CN,zh;q=0.8',
  'cookie' => 'Hm_lvt_f8d0a8c400404989e195270b0bbf060a=1509961808; Hm_lpvt_f8d0a8c400404989e195270b0bbf060a=1509961808; PHPSESSID=ibltm0tpvlggej4i96tg3iujj3',
)
[ info ] [ PARAM ] array (
  '__token__' => 'd7a8a6a855c19cefaf70bfa2f5c8cc81',
  'username' => 'admin',
  'password' => '123456',
)
[ info ] [ LANG ] D:\web\wamp64\www\fastadmin\public/../application/admin\lang\zh-cn.php
[ info ] [ BEHAVIOR ] Run app\common\behavior\Common @module_init [ RunTime:0.001090s ]
[ info ] [ SESSION ] INIT array (
  'id' => '',
  'var_session_id' => '',
  'prefix' => 'think',
  'type' => '',
  'auto_start' => true,
)
[ info ] [ LANG ] D:\web\wamp64\www\fastadmin\public/../application/admin/lang/zh-cn/index.php
[ info ] [ RUN ] app\admin\controller\Index->login[ D:\web\wamp64\www\fastadmin\application\admin\controller\Index.php ]
[ info ] [ DB ] INIT mysql
[ info ] [ LOG ] INIT File
[ sql ] [ DB ] CONNECT:[ UseTime:0.004893s ] mysql:dbname=fastadmin;host=localhost;charset=utf8
[ error ] [10501]SQLSTATE[42S02]: Base table or view not found: 1146 Table 'fastadmin.fa_admin' doesn't exist[D:\web\wamp64\www\fastadmin\thinkphp\library\think\db\Connection.php:388]
